d:\kz\2014\release\image_dxt.obj
d:\kz\2014\release\image_helper.obj
d:\kz\2014\release\imgui_demo.obj
d:\kz\2014\release\imgui_impl_opengl2.obj
d:\kz\2014\release\imgui_impl_win32.obj
d:\kz\2014\release\main.obj
d:\kz\2014\release\backdrop.obj
d:\kz\2014\release\opengl.obj
d:\kz\2014\release\esp.obj
d:\kz\2014\release\textures.obj
d:\kz\2014\release\cvar.obj
d:\kz\2014\release\menu.obj
d:\kz\2014\release\qangle.obj
d:\kz\2014\release\gui.obj
d:\kz\2014\release\trace.obj
d:\kz\2014\release\gl3w.obj
d:\kz\2014\release\imgui_draw.obj
d:\kz\2014\release\imgui_impl_opengl3.obj
d:\kz\2014\release\stb_image_aug.obj
d:\kz\2014\release\norecoil.obj
d:\kz\2014\release\vector.obj
d:\kz\2014\release\aimbot.obj
d:\kz\2014\release\skeleton.obj
d:\kz\2014\release\console.obj
d:\kz\2014\release\gl3winit.obj
d:\kz\2014\release\strafe.obj
d:\kz\2014\release\autoroute.obj
d:\kz\2014\release\snapshot.obj
d:\kz\2014\release\bigboy.obj
d:\kz\2014\release\studio.obj
d:\kz\2014\release\chat.obj
d:\kz\2014\release\nospread.obj
d:\kz\2014\release\weapons.obj
d:\kz\2014\release\client.obj
d:\kz\2014\release\offset.obj
d:\kz\2014\release\dll.obj
d:\kz\2014\release\interpreter.obj
d:\kz\2014\release\usermsg.obj
d:\kz\2014\release\idhook.obj
d:\kz\2014\release\player.obj
d:\kz\2014\release\dll_image.obj
d:\kz\2014\release\imgui.obj
d:\kz\2014\release\soil.obj
d:\kz\2014\release\parsemsg.obj
d:\kz\2014\release\soundesp.obj
d:\kz\2014\release\color.obj
d:\kz\2014\release\stringfinder.obj
d:\kz\2014\release\vc143.pdb
d:\kz\2014\hack\hack.dll
d:\kz\2014\release\2014.tlog\cl.10768.write.1.tlog
d:\kz\2014\release\2014.tlog\cl.command.1.tlog
d:\kz\2014\release\2014.tlog\cl.items.tlog
d:\kz\2014\release\2014.tlog\cl.read.1.tlog
d:\kz\2014\release\2014.tlog\link.command.1.tlog
d:\kz\2014\release\2014.tlog\link.read.1.tlog
d:\kz\2014\release\2014.tlog\link.secondary.1.tlog
d:\kz\2014\release\2014.tlog\link.write.1.tlog
