c:\users\43157\desktop\2014fc\release\dll.obj
c:\users\43157\desktop\2014fc\release\soil.obj
c:\users\43157\desktop\2014fc\release\soundesp.obj
c:\users\43157\desktop\2014fc\release\bigboy.obj
c:\users\43157\desktop\2014fc\release\studio.obj
c:\users\43157\desktop\2014fc\release\cvar.obj
c:\users\43157\desktop\2014fc\release\stringfinder.obj
c:\users\43157\desktop\2014fc\release\dll_image.obj
c:\users\43157\desktop\2014fc\release\imgui_demo.obj
c:\users\43157\desktop\2014fc\release\imgui_impl_opengl2.obj
c:\users\43157\desktop\2014fc\release\imgui_impl_opengl3.obj
c:\users\43157\desktop\2014fc\release\gl3winit.obj
c:\users\43157\desktop\2014fc\release\strafe.obj
c:\users\43157\desktop\2014fc\release\client.obj
c:\users\43157\desktop\2014fc\release\interpreter.obj
c:\users\43157\desktop\2014fc\release\vector.obj
c:\users\43157\desktop\2014fc\release\aimbot.obj
c:\users\43157\desktop\2014fc\release\trace.obj
c:\users\43157\desktop\2014fc\release\color.obj
c:\users\43157\desktop\2014fc\release\opengl.obj
c:\users\43157\desktop\2014fc\release\backdrop.obj
c:\users\43157\desktop\2014fc\release\parsemsg.obj
c:\users\43157\desktop\2014fc\release\snapshot.obj
c:\users\43157\desktop\2014fc\release\image_dxt.obj
c:\users\43157\desktop\2014fc\release\imgui.obj
c:\users\43157\desktop\2014fc\release\stb_image_aug.obj
c:\users\43157\desktop\2014fc\release\skeleton.obj
c:\users\43157\desktop\2014fc\release\idhook.obj
c:\users\43157\desktop\2014fc\release\player.obj
c:\users\43157\desktop\2014fc\release\esp.obj
c:\users\43157\desktop\2014fc\release\menu.obj
c:\users\43157\desktop\2014fc\release\usermsg.obj
c:\users\43157\desktop\2014fc\release\autoroute.obj
c:\users\43157\desktop\2014fc\release\textures.obj
c:\users\43157\desktop\2014fc\release\console.obj
c:\users\43157\desktop\2014fc\release\offset.obj
c:\users\43157\desktop\2014fc\release\gl3w.obj
c:\users\43157\desktop\2014fc\release\image_helper.obj
c:\users\43157\desktop\2014fc\release\imgui_draw.obj
c:\users\43157\desktop\2014fc\release\imgui_impl_win32.obj
c:\users\43157\desktop\2014fc\release\main.obj
c:\users\43157\desktop\2014fc\release\gui.obj
c:\users\43157\desktop\2014fc\release\norecoil.obj
c:\users\43157\desktop\2014fc\release\qangle.obj
c:\users\43157\desktop\2014fc\release\chat.obj
c:\users\43157\desktop\2014fc\release\nospread.obj
c:\users\43157\desktop\2014fc\release\weapons.obj
c:\users\43157\desktop\2014fc\release\vc143.pdb
c:\users\43157\desktop\2014fc\hack\hack.dll
c:\users\43157\desktop\2014fc\release\hack.ipdb
c:\users\43157\desktop\2014fc\release\hack.iobj
c:\users\43157\desktop\2014fc\release\hack.tlog\cl.11212.write.1.tlog
c:\users\43157\desktop\2014fc\release\hack.tlog\cl.command.1.tlog
c:\users\43157\desktop\2014fc\release\hack.tlog\cl.read.1.tlog
c:\users\43157\desktop\2014fc\release\hack.tlog\link.command.1.tlog
c:\users\43157\desktop\2014fc\release\hack.tlog\link.read.1.tlog
c:\users\43157\desktop\2014fc\release\hack.tlog\link.write.1.tlog
