F:\Microsoft Visual Studio\2022\Community\MSBuild\Microsoft\VC\v170\Microsoft.CppBuild.targets(531,5): warning MSB8028: 中间目录(.\release\)包含从另一个项目(fc.vcxproj, hack.vcxproj, 蓝精灵.vcxproj)共享的文件。   这会导致错误的清除和重新生成行为。
  aimbot.cpp
  autoroute.cpp
  backdrop.cpp
  dll.cpp
  dll_image.cpp
  bigboy.cpp
  chat.cpp
  client.cpp
  color.cpp
  console.cpp
  cvar.cpp
  esp.cpp
  gui.cpp
  idhook.cpp
  gl3w.cpp
  image_DXT.cpp
  image_helper.cpp
  imgui.cpp
  imgui_demo.cpp
  imgui_draw.cpp
  imgui_impl_opengl2.cpp
  imgui_impl_opengl3.cpp
  imgui_impl_win32.cpp
  soil.cpp
  stb_image_aug.cpp
  interpreter.cpp
  main.cpp
  menu.cpp
  norecoil.cpp
  nospread.cpp
  offset.cpp
  opengl.cpp
  player.cpp
  gl3winit.cpp
  parsemsg.cpp
  stringfinder.cpp
  textures.cpp
  trace.cpp
  skeleton.cpp
  snapshot.cpp
  soundesp.cpp
  strafe.cpp
  studio.cpp
  usermsg.cpp
  QAngle.cpp
  Vector.cpp
  weapons.cpp
F:\Microsoft Visual Studio\2022\Community\MSBuild\Microsoft\VC\v170\Microsoft.CppBuild.targets(1392,5): warning MSB8012: TargetPath(D:\kz\2014\hack\2014.dll) 与 Linker 的 OutputFile 属性值(D:\kz\2014\hack\hack.dll)不匹配。这可能导致项目生成不正确。若要更正此问题，请确保 $(OutDir)、$(TargetName) 和 $(TargetExt) 属性值与 %(Link.OutputFile) 中指定的值匹配。
F:\Microsoft Visual Studio\2022\Community\MSBuild\Microsoft\VC\v170\Microsoft.CppBuild.targets(1394,5): warning MSB8012: TargetName(2014) 与 Linker 的 OutputFile 属性值(hack)不匹配。这可能导致项目生成不正确。若要更正此问题，请确保 $(OutDir)、$(TargetName) 和 $(TargetExt) 属性值与 %(Link.OutputFile) 中指定的值匹配。
  aimbot.obj : 找到 MSIL .netmodule 或使用 /GL 编译的模块；正在使用 /LTCG 重新启动链接；将 /LTCG 添加到链接命令行以改进链接器性能
  正在生成代码
  已完成代码的生成
  hack.vcxproj -> D:\kz\2014\hack\2014.dll
