d:\kz\2014蓝精灵\2014蓝精灵\release\gui.obj
d:\kz\2014蓝精灵\2014蓝精灵\release\trace.obj
d:\kz\2014蓝精灵\2014蓝精灵\release\chat.obj
d:\kz\2014蓝精灵\2014蓝精灵\release\gl3winit.obj
d:\kz\2014蓝精灵\2014蓝精灵\release\strafe.obj
d:\kz\2014蓝精灵\2014蓝精灵\release\aimbot.obj
d:\kz\2014蓝精灵\2014蓝精灵\release\offset.obj
d:\kz\2014蓝精灵\2014蓝精灵\release\dll.obj
d:\kz\2014蓝精灵\2014蓝精灵\release\soil.obj
d:\kz\2014蓝精灵\2014蓝精灵\release\snapshot.obj
d:\kz\2014蓝精灵\2014蓝精灵\release\cvar.obj
d:\kz\2014蓝精灵\2014蓝精灵\release\stringfinder.obj
d:\kz\2014蓝精灵\2014蓝精灵\release\bigboy.obj
d:\kz\2014蓝精灵\2014蓝精灵\release\studio.obj
d:\kz\2014蓝精灵\2014蓝精灵\release\dll_image.obj
d:\kz\2014蓝精灵\2014蓝精灵\release\imgui.obj
d:\kz\2014蓝精灵\2014蓝精灵\release\stb_image_aug.obj
d:\kz\2014蓝精灵\2014蓝精灵\release\menu.obj
d:\kz\2014蓝精灵\2014蓝精灵\release\weapons.obj
d:\kz\2014蓝精灵\2014蓝精灵\release\idhook.obj
d:\kz\2014蓝精灵\2014蓝精灵\release\soundesp.obj
d:\kz\2014蓝精灵\2014蓝精灵\release\gl3w.obj
d:\kz\2014蓝精灵\2014蓝精灵\release\imgui_draw.obj
d:\kz\2014蓝精灵\2014蓝精灵\release\imgui_impl_opengl3.obj
d:\kz\2014蓝精灵\2014蓝精灵\release\main.obj
d:\kz\2014蓝精灵\2014蓝精灵\release\qangle.obj
d:\kz\2014蓝精灵\2014蓝精灵\release\image_dxt.obj
d:\kz\2014蓝精灵\2014蓝精灵\release\image_helper.obj
d:\kz\2014蓝精灵\2014蓝精灵\release\imgui_demo.obj
d:\kz\2014蓝精灵\2014蓝精灵\release\imgui_impl_opengl2.obj
d:\kz\2014蓝精灵\2014蓝精灵\release\imgui_impl_win32.obj
d:\kz\2014蓝精灵\2014蓝精灵\release\interpreter.obj
d:\kz\2014蓝精灵\2014蓝精灵\release\usermsg.obj
d:\kz\2014蓝精灵\2014蓝精灵\release\console.obj
d:\kz\2014蓝精灵\2014蓝精灵\release\parsemsg.obj
d:\kz\2014蓝精灵\2014蓝精灵\release\textures.obj
d:\kz\2014蓝精灵\2014蓝精灵\release\client.obj
d:\kz\2014蓝精灵\2014蓝精灵\release\player.obj
d:\kz\2014蓝精灵\2014蓝精灵\release\color.obj
d:\kz\2014蓝精灵\2014蓝精灵\release\opengl.obj
d:\kz\2014蓝精灵\2014蓝精灵\release\backdrop.obj
d:\kz\2014蓝精灵\2014蓝精灵\release\nospread.obj
d:\kz\2014蓝精灵\2014蓝精灵\release\esp.obj
d:\kz\2014蓝精灵\2014蓝精灵\release\skeleton.obj
d:\kz\2014蓝精灵\2014蓝精灵\release\autoroute.obj
d:\kz\2014蓝精灵\2014蓝精灵\release\norecoil.obj
d:\kz\2014蓝精灵\2014蓝精灵\release\vector.obj
d:\kz\2014蓝精灵\2014蓝精灵\release\vc143.pdb
d:\kz\2014蓝精灵\2014蓝精灵\hack\hack.dll
d:\kz\2014蓝精灵\2014蓝精灵\release\蓝精灵.ipdb
d:\kz\2014蓝精灵\2014蓝精灵\release\蓝精灵.iobj
d:\kz\2014\release\蓝精灵.ipdb
d:\kz\2014\release\蓝精灵.iobj
d:\kz\2014\release\蓝精灵.tlog\cl.10452.write.1.tlog
d:\kz\2014\release\蓝精灵.tlog\cl.command.1.tlog
d:\kz\2014\release\蓝精灵.tlog\cl.read.1.tlog
d:\kz\2014\release\蓝精灵.tlog\link.command.1.tlog
d:\kz\2014\release\蓝精灵.tlog\link.read.1.tlog
d:\kz\2014\release\蓝精灵.tlog\link.write.1.tlog
